TN:
SF:src/color/index.ts
FN:4,(anonymous_0)
FN:5,(anonymous_1)
FN:14,(anonymous_2)
FN:15,(anonymous_3)
FNF:4
FNH:4
FNDA:1,(anonymous_0)
FNDA:3,(anonymous_1)
FNDA:1,(anonymous_2)
FNDA:3,(anonymous_3)
DA:4,2
DA:5,1
DA:6,3
DA:8,1
DA:14,2
DA:15,1
DA:16,3
DA:18,1
LF:8
LH:8
BRF:0
BRH:0
end_of_record
TN:
SF:src/file/index.ts
FN:6,downloadArrayBuffer
FN:28,convert2Webp
FN:29,(anonymous_2)
FN:43,(anonymous_3)
FN:56,(anonymous_4)
FN:69,(anonymous_5)
FN:80,downloadFile
FNF:7
FNH:2
FNDA:1,downloadArrayBuffer
FNDA:0,convert2Webp
FNDA:0,(anonymous_2)
FNDA:0,(anonymous_3)
FNDA:0,(anonymous_4)
FNDA:0,(anonymous_5)
FNDA:1,downloadFile
DA:10,1
DA:11,1
DA:12,1
DA:13,1
DA:14,1
DA:15,1
DA:16,1
DA:17,1
DA:18,1
DA:20,0
DA:21,0
DA:29,0
DA:30,0
DA:31,0
DA:32,0
DA:34,0
DA:35,0
DA:36,0
DA:38,0
DA:39,0
DA:40,0
DA:41,0
DA:43,0
DA:44,0
DA:45,0
DA:46,0
DA:47,0
DA:48,0
DA:49,0
DA:50,0
DA:51,0
DA:52,0
DA:54,0
DA:55,0
DA:57,0
DA:58,0
DA:59,0
DA:60,0
DA:62,0
DA:63,0
DA:69,0
DA:70,0
DA:71,0
DA:72,0
DA:81,1
DA:82,1
DA:83,1
DA:84,1
DA:85,1
DA:86,1
DA:88,0
DA:89,0
LF:52
LH:15
BRDA:28,0,0,0
BRDA:30,1,0,0
BRDA:34,2,0,0
BRDA:49,3,0,0
BRDA:57,4,0,0
BRF:5
BRH:0
end_of_record
TN:
SF:src/option/index.ts
FN:16,(anonymous_0)
FN:23,(anonymous_1)
FN:30,(anonymous_2)
FN:32,(anonymous_3)
FN:47,(anonymous_4)
FN:58,(anonymous_5)
FNF:6
FNH:6
FNDA:1,(anonymous_0)
FNDA:3,(anonymous_1)
FNDA:1,(anonymous_2)
FNDA:3,(anonymous_3)
FNDA:1,(anonymous_4)
FNDA:1,(anonymous_5)
DA:4,1
DA:10,1
DA:14,1
DA:17,1
DA:24,3
DA:31,1
DA:32,1
DA:33,3
DA:34,3
DA:35,3
DA:38,3
DA:41,1
DA:48,1
DA:49,1
DA:50,1
DA:59,1
DA:60,1
DA:61,1
DA:63,1
DA:64,0
LF:20
LH:19
BRDA:33,0,0,3
BRDA:33,1,0,3
BRDA:33,1,1,3
BRDA:49,2,0,1
BRDA:49,2,1,0
BRDA:50,3,0,0
BRDA:50,3,1,1
BRDA:60,4,0,1
BRDA:63,5,0,0
BRF:9
BRH:6
end_of_record
TN:
SF:src/string/index.ts
FN:6,replaceEmpty
FNF:1
FNH:1
FNDA:3,replaceEmpty
DA:1,2
DA:10,3
DA:11,3
DA:13,0
LF:4
LH:3
BRDA:8,0,0,3
BRDA:10,1,0,3
BRDA:10,2,0,3
BRDA:10,2,1,2
BRDA:10,2,2,1
BRF:5
BRH:5
end_of_record
TN:
SF:src/utils/warning.ts
FN:1,warn
FNF:1
FNH:0
FNDA:0,warn
DA:2,0
LF:1
LH:0
BRF:0
BRH:0
end_of_record
